<?xml version="1.0" encoding="UTF-8"?>
<coverage generated="1611704230030" clover="3.2.0">
  <project timestamp="1611704230030" name="All files">
    <metrics statements="28" coveredstatements="27" conditionals="12" coveredconditionals="10" methods="15" coveredmethods="15" elements="55" coveredelements="52" complexity="0" loc="28" ncloc="28" packages="3" files="8" classes="8"/>
    <package name="components">
      <metrics statements="6" coveredstatements="6" conditionals="0" coveredconditionals="0" methods="1" coveredmethods="1"/>
      <file name="KampanyalarB.vue" path="C:\Users\Canavar\Desktop\Projeler\Vue\Sok-Jest\components\KampanyalarB.vue">
        <metrics statements="6" coveredstatements="6" conditionals="0" coveredconditionals="0" methods="1" coveredmethods="1"/>
        <line num="13" count="1" type="stmt"/>
        <line num="14" count="1" type="stmt"/>
        <line num="15" count="1" type="stmt"/>
        <line num="17" count="1" type="stmt"/>
        <line num="18" count="1" type="stmt"/>
        <line num="22" count="2" type="stmt"/>
      </file>
    </package>
    <package name="pages">
      <metrics statements="17" coveredstatements="16" conditionals="12" coveredconditionals="10" methods="10" coveredmethods="10"/>
      <file name="exercise-2.vue" path="C:\Users\Canavar\Desktop\Projeler\Vue\Sok-Jest\pages\exercise-2.vue">
        <metrics statements="3" coveredstatements="2" conditionals="2" coveredconditionals="1" methods="2" coveredmethods="2"/>
        <line num="20" count="1" type="stmt"/>
        <line num="27" count="2" type="cond" truecount="1" falsecount="1"/>
        <line num="28" count="0" type="stmt"/>
      </file>
      <file name="list.vue" path="C:\Users\Canavar\Desktop\Projeler\Vue\Sok-Jest\pages\list.vue">
        <metrics statements="2" coveredstatements="2" conditionals="0" coveredconditionals="0" methods="1" coveredmethods="1"/>
        <line num="14" count="2" type="stmt"/>
        <line num="23" count="2" type="stmt"/>
      </file>
      <file name="salad-bowl.vue" path="C:\Users\Canavar\Desktop\Projeler\Vue\Sok-Jest\pages\salad-bowl.vue">
        <metrics statements="2" coveredstatements="2" conditionals="0" coveredconditionals="0" methods="1" coveredmethods="1"/>
        <line num="8" count="1" type="stmt"/>
        <line num="12" count="2" type="stmt"/>
      </file>
      <file name="sepet.vue" path="C:\Users\Canavar\Desktop\Projeler\Vue\Sok-Jest\pages\sepet.vue">
        <metrics statements="4" coveredstatements="4" conditionals="2" coveredconditionals="1" methods="2" coveredmethods="2"/>
        <line num="17" count="1" type="stmt"/>
        <line num="25" count="1" type="cond" truecount="1" falsecount="1"/>
        <line num="26" count="1" type="stmt"/>
        <line num="27" count="1" type="stmt"/>
      </file>
      <file name="temprature.vue" path="C:\Users\Canavar\Desktop\Projeler\Vue\Sok-Jest\pages\temprature.vue">
        <metrics statements="6" coveredstatements="6" conditionals="8" coveredconditionals="8" methods="4" coveredmethods="4"/>
        <line num="13" count="4" type="stmt"/>
        <line num="21" count="14" type="cond" truecount="2" falsecount="0"/>
        <line num="28" count="14" type="cond" truecount="2" falsecount="0"/>
        <line num="39" count="7" type="cond" truecount="2" falsecount="0"/>
        <line num="40" count="3" type="stmt"/>
        <line num="41" count="3" type="cond" truecount="2" falsecount="0"/>
      </file>
    </package>
    <package name="store">
      <metrics statements="5" coveredstatements="5" conditionals="0" coveredconditionals="0" methods="4" coveredmethods="4"/>
      <file name="salad-store.js" path="C:\Users\Canavar\Desktop\Projeler\Vue\Sok-Jest\store\salad-store.js">
        <metrics statements="3" coveredstatements="3" conditionals="0" coveredconditionals="0" methods="3" coveredmethods="3"/>
        <line num="3" count="2" type="stmt"/>
        <line num="10" count="1" type="stmt"/>
        <line num="16" count="1" type="stmt"/>
      </file>
      <file name="store.js" path="C:\Users\Canavar\Desktop\Projeler\Vue\Sok-Jest\store\store.js">
        <metrics statements="2" coveredstatements="2" conditionals="0" coveredconditionals="0" methods="1" coveredmethods="1"/>
        <line num="4" count="1" type="stmt"/>
        <line num="8" count="2" type="stmt"/>
      </file>
    </package>
  </project>
</coverage>
