{"C:\\Users\\Canavar\\Desktop\\Projeler\\Vue\\Sok-Jest\\components\\KampanyalarB.vue": {"path":"C:\\Users\\Canavar\\Desktop\\Projeler\\Vue\\Sok-Jest\\components\\KampanyalarB.vue","statementMap":{"0":{"start":{"line":13,"column":0},"end":{"line":13,"column":null}},"1":{"start":{"line":14,"column":0},"end":{"line":14,"column":null}},"2":{"start":{"line":15,"column":0},"end":{"line":15,"column":null}},"3":{"start":{"line":17,"column":0},"end":{"line":17,"column":null}},"4":{"start":{"line":18,"column":0},"end":{"line":18,"column":null}},"5":{"start":{"line":22,"column":0},"end":{"line":22,"column":null}}},"fnMap":{"0":{"name":"(anonymous_5)","decl":{"start":{"line":21,"column":0},"end":{"line":21,"column":null}},"loc":{"start":{"line":21,"column":0},"end":{"line":25,"column":null}}}},"branchMap":{},"s":{"0":1,"1":1,"2":1,"3":1,"4":1,"5":2},"f":{"0":2},"b":{}}
,"C:\\Users\\Canavar\\Desktop\\Projeler\\Vue\\Sok-Jest\\pages\\exercise-2.vue": {"path":"C:\\Users\\Canavar\\Desktop\\Projeler\\Vue\\Sok-Jest\\pages\\exercise-2.vue","statementMap":{"0":{"start":{"line":20,"column":0},"end":{"line":20,"column":null}},"1":{"start":{"line":27,"column":0},"end":{"line":27,"column":null}},"2":{"start":{"line":28,"column":0},"end":{"line":28,"column":null}}},"fnMap":{"0":{"name":"(anonymous_1)","decl":{"start":{"line":19,"column":0},"end":{"line":19,"column":null}},"loc":{"start":{"line":19,"column":0},"end":{"line":24,"column":null}}},"1":{"name":"(anonymous_2)","decl":{"start":{"line":26,"column":0},"end":{"line":26,"column":null}},"loc":{"start":{"line":26,"column":0},"end":{"line":30,"column":null}}}},"branchMap":{"0":{"loc":{"start":{"line":27,"column":0},"end":{"line":27,"column":null}},"type":"if","locations":[{"start":{"line":27,"column":0},"end":{"line":27,"column":null}},{"start":{"line":27,"column":0},"end":{"line":27,"column":null}}]}},"s":{"0":1,"1":2,"2":0},"f":{"0":1,"1":1},"b":{"0":[1,0]}}
,"C:\\Users\\Canavar\\Desktop\\Projeler\\Vue\\Sok-Jest\\pages\\sepet.vue": {"path":"C:\\Users\\Canavar\\Desktop\\Projeler\\Vue\\Sok-Jest\\pages\\sepet.vue","statementMap":{"0":{"start":{"line":17,"column":0},"end":{"line":17,"column":null}},"1":{"start":{"line":25,"column":0},"end":{"line":25,"column":null}},"2":{"start":{"line":26,"column":0},"end":{"line":26,"column":null}},"3":{"start":{"line":27,"column":0},"end":{"line":27,"column":null}}},"fnMap":{"0":{"name":"(anonymous_1)","decl":{"start":{"line":16,"column":0},"end":{"line":16,"column":null}},"loc":{"start":{"line":16,"column":0},"end":{"line":21,"column":null}}},"1":{"name":"(anonymous_2)","decl":{"start":{"line":24,"column":0},"end":{"line":24,"column":null}},"loc":{"start":{"line":24,"column":0},"end":{"line":28,"column":null}}}},"branchMap":{"0":{"loc":{"start":{"line":25,"column":0},"end":{"line":25,"column":null}},"type":"if","locations":[{"start":{"line":25,"column":0},"end":{"line":25,"column":null}},{"start":{"line":25,"column":0},"end":{"line":25,"column":null}}]}},"s":{"0":1,"1":1,"2":1,"3":1},"f":{"0":1,"1":1},"b":{"0":[0,1]}}
,"C:\\Users\\Canavar\\Desktop\\Projeler\\Vue\\Sok-Jest\\store\\store.js": {"path":"C:\\Users\\Canavar\\Desktop\\Projeler\\Vue\\Sok-Jest\\store\\store.js","statementMap":{"0":{"start":{"line":4,"column":0},"end":{"line":4,"column":14}},"1":{"start":{"line":8,"column":4},"end":{"line":20,"column":6}}},"fnMap":{"0":{"name":"(anonymous_0)","decl":{"start":{"line":7,"column":2},"end":{"line":7,"column":3}},"loc":{"start":{"line":7,"column":10},"end":{"line":21,"column":3}},"line":7}},"branchMap":{},"s":{"0":1,"1":2},"f":{"0":2},"b":{},"_coverageSchema":"43e27e138ebf9cfc5966b082cf9a028302ed4184","hash":"97dc44a719983c21f6b0ea586b0716e531b970ba"}
}
