TN:
SF:C:\Users\Canavar\Desktop\Projeler\Vue\Sok-Jest\components\KampanyalarB.vue
FN:21,(anonymous_5)
FNF:1
FNH:1
FNDA:2,(anonymous_5)
DA:13,1
DA:14,1
DA:15,1
DA:17,1
DA:18,1
DA:22,2
LF:6
LH:6
BRF:0
BRH:0
end_of_record
TN:
SF:C:\Users\Canavar\Desktop\Projeler\Vue\Sok-Jest\pages\exercise-2.vue
FN:19,(anonymous_1)
FN:26,(anonymous_2)
FNF:2
FNH:2
FNDA:1,(anonymous_1)
FNDA:1,(anonymous_2)
DA:20,1
DA:27,2
DA:28,0
LF:3
LH:2
BRDA:27,0,0,1
BRDA:27,0,1,0
BRF:2
BRH:1
end_of_record
TN:
SF:C:\Users\Canavar\Desktop\Projeler\Vue\Sok-Jest\pages\salad-bowl.vue
FN:11,(anonymous_1)
FNF:1
FNH:1
FNDA:2,(anonymous_1)
DA:8,1
DA:12,2
LF:2
LH:2
BRF:0
BRH:0
end_of_record
TN:
SF:C:\Users\Canavar\Desktop\Projeler\Vue\Sok-Jest\pages\sepet.vue
FN:16,(anonymous_1)
FN:24,(anonymous_2)
FNF:2
FNH:2
FNDA:1,(anonymous_1)
FNDA:1,(anonymous_2)
DA:17,1
DA:25,1
DA:26,1
DA:27,1
LF:4
LH:4
BRDA:25,0,0,0
BRDA:25,0,1,1
BRF:2
BRH:1
end_of_record
TN:
SF:C:\Users\Canavar\Desktop\Projeler\Vue\Sok-Jest\store\salad-store.js
FN:2,(anonymous_0)
FN:9,(anonymous_1)
FN:15,(anonymous_2)
FNF:3
FNH:3
FNDA:2,(anonymous_0)
FNDA:1,(anonymous_1)
FNDA:1,(anonymous_2)
DA:3,2
DA:10,1
DA:16,1
LF:3
LH:3
BRF:0
BRH:0
end_of_record
TN:
SF:C:\Users\Canavar\Desktop\Projeler\Vue\Sok-Jest\store\store.js
FN:7,(anonymous_0)
FNF:1
FNH:1
FNDA:2,(anonymous_0)
DA:4,1
DA:8,2
LF:2
LH:2
BRF:0
BRH:0
end_of_record
