TN:
SF:C:\Users\Canavar\Desktop\Projeler\Vue\Sok-Jest\components\KampanyalarB.vue
FN:21,(anonymous_5)
FNF:1
FNH:1
FNDA:2,(anonymous_5)
DA:13,1
DA:14,1
DA:15,1
DA:17,1
DA:18,1
DA:22,2
LF:6
LH:6
BRF:0
BRH:0
end_of_record
TN:
SF:C:\Users\Canavar\Desktop\Projeler\Vue\Sok-Jest\components\MessageList.vue
FNF:0
FNH:0
DA:8,1
LF:1
LH:1
BRF:0
BRH:0
end_of_record
TN:
SF:C:\Users\Canavar\Desktop\Projeler\Vue\Sok-Jest\pages\alert-message.vue
FN:10,(anonymous_1)
FN:19,(anonymous_2)
FN:24,(anonymous_3)
FN:25,(anonymous_4)
FN:31,(anonymous_5)
FN:36,(anonymous_6)
FNF:6
FNH:6
FNDA:3,(anonymous_1)
FNDA:7,(anonymous_2)
FNDA:3,(anonymous_3)
FNDA:7,(anonymous_4)
FNDA:1,(anonymous_5)
FNDA:1,(anonymous_6)
DA:11,3
DA:20,7
DA:25,3
DA:26,7
DA:27,8
DA:32,1
DA:37,1
LF:7
LH:7
BRDA:27,0,0,1
BRDA:27,0,1,6
BRF:2
BRH:2
end_of_record
TN:
SF:C:\Users\Canavar\Desktop\Projeler\Vue\Sok-Jest\pages\exercise-1.vue
FN:15,(anonymous_1)
FN:18,(anonymous_2)
FN:24,(anonymous_3)
FN:27,(anonymous_4)
FNF:4
FNH:3
FNDA:0,(anonymous_1)
FNDA:1,(anonymous_2)
FNDA:2,(anonymous_3)
FNDA:3,(anonymous_4)
DA:15,0
DA:19,1
DA:26,3
DA:27,1
DA:28,3
LF:5
LH:4
BRDA:26,0,0,1
BRDA:26,0,1,1
BRF:2
BRH:2
end_of_record
TN:
SF:C:\Users\Canavar\Desktop\Projeler\Vue\Sok-Jest\pages\exercise-2.vue
FN:19,(anonymous_1)
FN:26,(anonymous_2)
FN:31,(anonymous_3)
FNF:3
FNH:3
FNDA:1,(anonymous_1)
FNDA:1,(anonymous_2)
FNDA:1,(anonymous_3)
DA:20,1
DA:27,1
DA:28,1
DA:29,1
DA:32,1
LF:5
LH:5
BRDA:27,0,0,0
BRDA:27,0,1,1
BRF:2
BRH:1
end_of_record
TN:
SF:C:\Users\Canavar\Desktop\Projeler\Vue\Sok-Jest\pages\fruit-basket.vue
FN:16,(anonymous_1)
FN:24,(anonymous_2)
FNF:2
FNH:2
FNDA:1,(anonymous_1)
FNDA:1,(anonymous_2)
DA:17,1
DA:25,1
DA:26,1
DA:27,1
LF:4
LH:4
BRDA:25,0,0,0
BRDA:25,0,1,1
BRF:2
BRH:1
end_of_record
TN:
SF:C:\Users\Canavar\Desktop\Projeler\Vue\Sok-Jest\pages\github-card.vue
FN:20,(anonymous_1)
FN:29,(anonymous_2)
FN:33,(anonymous_3)
FNF:3
FNH:0
FNDA:0,(anonymous_1)
FNDA:0,(anonymous_2)
FNDA:0,(anonymous_3)
DA:21,0
DA:30,0
DA:34,0
DA:35,0
DA:36,0
LF:5
LH:0
BRF:0
BRH:0
end_of_record
TN:
SF:C:\Users\Canavar\Desktop\Projeler\Vue\Sok-Jest\pages\list.vue
FN:22,(anonymous_2)
FNF:1
FNH:1
FNDA:2,(anonymous_2)
DA:14,2
DA:23,2
LF:2
LH:2
BRF:0
BRH:0
end_of_record
TN:
SF:C:\Users\Canavar\Desktop\Projeler\Vue\Sok-Jest\pages\salad-bowl.vue
FN:11,(anonymous_1)
FNF:1
FNH:1
FNDA:2,(anonymous_1)
DA:8,1
DA:12,2
LF:2
LH:2
BRF:0
BRH:0
end_of_record
TN:
SF:C:\Users\Canavar\Desktop\Projeler\Vue\Sok-Jest\pages\temprature.vue
FN:12,(anonymous_1)
FN:20,(anonymous_2)
FN:27,(anonymous_3)
FN:38,(anonymous_4)
FNF:4
FNH:4
FNDA:4,(anonymous_1)
FNDA:7,(anonymous_2)
FNDA:7,(anonymous_3)
FNDA:5,(anonymous_4)
DA:13,4
DA:21,14
DA:28,14
DA:39,7
DA:40,3
DA:41,3
LF:6
LH:6
BRDA:21,0,0,5
BRDA:21,0,1,2
BRDA:28,1,0,2
BRDA:28,1,1,5
BRDA:39,2,0,2
BRDA:39,2,1,3
BRDA:41,3,0,2
BRDA:41,3,1,1
BRF:8
BRH:8
end_of_record
TN:
SF:C:\Users\Canavar\Desktop\Projeler\Vue\Sok-Jest\store\salad-store.js
FN:2,(anonymous_0)
FN:9,(anonymous_1)
FN:15,(anonymous_2)
FNF:3
FNH:3
FNDA:2,(anonymous_0)
FNDA:1,(anonymous_1)
FNDA:1,(anonymous_2)
DA:3,2
DA:10,1
DA:16,1
LF:3
LH:3
BRF:0
BRH:0
end_of_record
TN:
SF:C:\Users\Canavar\Desktop\Projeler\Vue\Sok-Jest\store\store.js
FN:7,(anonymous_0)
FN:24,(anonymous_1)
FN:30,(anonymous_2)
FNF:3
FNH:1
FNDA:2,(anonymous_0)
FNDA:0,(anonymous_1)
FNDA:0,(anonymous_2)
DA:4,1
DA:8,2
DA:25,0
DA:31,0
LF:4
LH:2
BRF:0
BRH:0
end_of_record
